1:  Z 2: started
1:  Z 4: started
2:  Z 3: started
2:  Z 5: started
4:  Z 4: entering office for a service 2
5:  Z 4: called by office worker
7:  Z 3: entering office for a service 2
7:  Z 4: going home
8:  Z 3: called by office worker
10:  Z 2: entering office for a service 2
11:  Z 2: called by office worker
7:  U 3: started
11:  closing
12:  Z 3: going home
14:  Z 5: going home
14:  U 4: going home
15:  Z 2: going home
17:  U 2: going home
18:  Z 1: started
18:  U 1: going home
21:  U 3: calling next customer
22:  Z 1: going home
23:  U 2: going home
23:  closing
23:  U 1: going home
25:  U 4: going home
